<?xml version="1.0" encoding="UTF-8"?>
<!-- Generated by org.testng.reporters.JUnitReportReporter -->
<testsuite hostname="LAPTOP-QSPERAL0" failures="0" tests="2" name="day1.Amazon" time="0.002" errors="0" timestamp="2024-08-07T21:25:36 IST" skipped="1">
  <testcase classname="day1.Amazon" name="openurl" time="0.002"/>
  <system-out/>
  <testcase classname="day1.Amazon" name="click">
    <skipped/>
  </testcase> <!-- click -->
  <system-out/>
</testsuite> <!-- day1.Amazon -->
