<?xml version="1.0" encoding="UTF-8"?>
<!-- Generated by org.testng.reporters.JUnitReportReporter -->
<testsuite hostname="LAPTOP-QSPERAL0" failures="0" tests="3" name="day2.TestApp" time="0.018" errors="0" timestamp="2024-08-07T21:25:36 IST" skipped="0">
  <testcase classname="day2.TestApp" name="C" time="0.001"/>
  <system-out/>
  <testcase classname="day2.TestApp" name="A" time="0.002"/>
  <system-out/>
  <testcase classname="day2.TestApp" name="B" time="0.015"/>
  <system-out/>
</testsuite> <!-- day2.TestApp -->
