<?xml version="1.0" encoding="UTF-8"?>
<!-- Generated by org.testng.reporters.JUnitReportReporter -->
<testsuite hostname="LAPTOP-QSPERAL0" failures="0" tests="3" name="day3.MasterPage" time="1.974" errors="0" timestamp="2024-08-08T21:53:37 IST" skipped="0">
  <testcase classname="day3.MasterPage" name="Login_Page" time="0.665"/>
  <system-out/>
  <testcase classname="day3.MasterPage" name="Login_Page" time="0.670"/>
  <system-out/>
  <testcase classname="day3.MasterPage" name="Login_Page" time="0.639"/>
  <system-out/>
</testsuite> <!-- day3.MasterPage -->
