<?xml version="1.0" encoding="UTF-8"?>
<!-- Generated by org.testng.reporters.JUnitReportReporter -->
<testsuite hostname="LAPTOP-QSPERAL0" failures="0" tests="1" name="day1.OpenWebsite" time="18.680" errors="0" timestamp="2024-08-07T21:16:28 IST" skipped="0">
  <testcase classname="day1.OpenWebsite" name="Openpage" time="18.680"/>
  <system-out/>
</testsuite> <!-- day1.OpenWebsite -->
