<?xml version="1.0" encoding="UTF-8"?>
<!-- Generated by org.testng.reporters.JUnitReportReporter -->
<testsuite hostname="LAPTOP-QSPERAL0" failures="0" tests="1" name="day2.Parameter" time="6.256" errors="0" timestamp="2024-08-07T21:35:59 IST" skipped="0">
  <testcase classname="day2.Parameter" name="OpenPage" time="6.256"/>
  <system-out/>
</testsuite> <!-- day2.Parameter -->
