<?xml version="1.0" encoding="UTF-8"?>
<!-- Generated by org.testng.reporters.JUnitReportReporter -->
<testsuite hostname="LAPTOP-QSPERAL0" failures="0" tests="2" name="day1.Dep" time="0.014" errors="0" timestamp="2024-08-06T21:55:37 IST" skipped="0">
  <testcase classname="day1.Dep" name="Register" time="0.013"/>
  <system-out/>
  <testcase classname="day1.Dep" name="Login" time="0.001"/>
  <system-out/>
</testsuite> <!-- day1.Dep -->
